<?xml version="1.0" encoding="UTF-8"?>
<!-- Generated by org.testng.reporters.JUnitXMLReporter -->
<testsuite ignored="0" hostname="LAPTOP-3C9LNJHN" failures="1" tests="1" name="Test" time="18.81" errors="0" timestamp="2022-07-07T16:44:06 IST">
  <testcase classname="suiteLevelListeners.ValidateKiteUserIdUsingPropertyFIle" name="ValidateUserID" time="0.015">
    <failure type="java.lang.AssertionError" message="null">
      <![CDATA[java.lang.AssertionError: null
at suiteLevelListeners.ValidateKiteUserIdUsingPropertyFIle.ValidateUserID(ValidateKiteUserIdUsingPropertyFIle.java:57)
at java.base/java.util.ArrayList.forEach(ArrayList.java:1541)
... Removed 29 stack frames]]>
    </failure>
  </testcase> <!-- ValidateUserID -->
</testsuite> <!-- Test -->
