<?xml version="1.0" encoding="UTF-8"?>
<testng-results ignored="0" total="1" passed="0" failed="1" skipped="0">
  <reporter-output>
    <line>
      <![CDATA[Launching browser]]>
    </line>
    <line>
      <![CDATA[T.c failed,Check Screenshot,T.C name is ValidateUserID]]>
    </line>
  </reporter-output>
  <suite started-at="2022-07-07T16:43:47 IST" name="Suite" finished-at="2022-07-07T16:44:06 IST" duration-ms="18810">
    <groups>
    </groups>
    <test started-at="2022-07-07T16:43:47 IST" name="Test" finished-at="2022-07-07T16:44:06 IST" duration-ms="18810">
      <class name="suiteLevelListeners.ValidateKiteUserIdUsingPropertyFIle">
        <test-method is-config="true" signature="launchBrowser()[pri:0, instance:suiteLevelListeners.ValidateKiteUserIdUsingPropertyFIle@18df8434]" started-at="2022-07-07T16:43:47 IST" name="launchBrowser" finished-at="2022-07-07T16:43:54 IST" duration-ms="6824" status="PASS">
          <reporter-output>
            <line>
              <![CDATA[Launching browser]]>
            </line>
          </reporter-output>
        </test-method> <!-- launchBrowser -->
        <test-method is-config="true" signature="LoginToKiteApp()[pri:0, instance:suiteLevelListeners.ValidateKiteUserIdUsingPropertyFIle@18df8434]" started-at="2022-07-07T16:43:54 IST" name="LoginToKiteApp" finished-at="2022-07-07T16:43:55 IST" duration-ms="829" status="PASS">
          <reporter-output>
          </reporter-output>
        </test-method> <!-- LoginToKiteApp -->
        <test-method signature="ValidateUserID()[pri:0, instance:suiteLevelListeners.ValidateKiteUserIdUsingPropertyFIle@18df8434]" started-at="2022-07-07T16:43:55 IST" name="ValidateUserID" finished-at="2022-07-07T16:43:55 IST" duration-ms="15" status="FAIL">
          <exception class="java.lang.AssertionError">
            <message>
              <![CDATA[null]]>
            </message>
            <full-stacktrace>
              <![CDATA[java.lang.AssertionError: null
at org.testng.Assert.fail(Assert.java:99)
at org.testng.Assert.fail(Assert.java:106)
at suiteLevelListeners.ValidateKiteUserIdUsingPropertyFIle.ValidateUserID(ValidateKiteUserIdUsingPropertyFIle.java:57)
at java.base/jdk.internal.reflect.NativeMethodAccessorImpl.invoke0(Native Method)
at java.base/jdk.internal.reflect.NativeMethodAccessorImpl.invoke(NativeMethodAccessorImpl.java:62)
at java.base/jdk.internal.reflect.DelegatingMethodAccessorImpl.invoke(DelegatingMethodAccessorImpl.java:43)
at java.base/java.lang.reflect.Method.invoke(Method.java:566)
at org.testng.internal.MethodInvocationHelper.invokeMethod(MethodInvocationHelper.java:133)
at org.testng.internal.TestInvoker.invokeMethod(TestInvoker.java:598)
at org.testng.internal.TestInvoker.invokeTestMethod(TestInvoker.java:173)
at org.testng.internal.MethodRunner.runInSequence(MethodRunner.java:46)
at org.testng.internal.TestInvoker$MethodInvocationAgent.invoke(TestInvoker.java:824)
at org.testng.internal.TestInvoker.invokeTestMethods(TestInvoker.java:146)
at org.testng.internal.TestMethodWorker.invokeTestMethods(TestMethodWorker.java:146)
at org.testng.internal.TestMethodWorker.run(TestMethodWorker.java:128)
at java.base/java.util.ArrayList.forEach(ArrayList.java:1541)
at org.testng.TestRunner.privateRun(TestRunner.java:794)
at org.testng.TestRunner.run(TestRunner.java:596)
at org.testng.SuiteRunner.runTest(SuiteRunner.java:377)
at org.testng.SuiteRunner.runSequentially(SuiteRunner.java:371)
at org.testng.SuiteRunner.privateRun(SuiteRunner.java:332)
at org.testng.SuiteRunner.run(SuiteRunner.java:276)
at org.testng.SuiteRunnerWorker.runSuite(SuiteRunnerWorker.java:53)
at org.testng.SuiteRunnerWorker.run(SuiteRunnerWorker.java:96)
at org.testng.TestNG.runSuitesSequentially(TestNG.java:1212)
at org.testng.TestNG.runSuitesLocally(TestNG.java:1134)
at org.testng.TestNG.runSuites(TestNG.java:1063)
at org.testng.TestNG.run(TestNG.java:1031)
at org.testng.remote.AbstractRemoteTestNG.run(AbstractRemoteTestNG.java:115)
at org.testng.remote.RemoteTestNG.initAndRun(RemoteTestNG.java:251)
at org.testng.remote.RemoteTestNG.main(RemoteTestNG.java:77)
]]>
            </full-stacktrace>
          </exception> <!-- java.lang.AssertionError -->
          <reporter-output>
            <line>
              <![CDATA[T.c failed,Check Screenshot,T.C name is ValidateUserID]]>
            </line>
          </reporter-output>
        </test-method> <!-- ValidateUserID -->
        <test-method is-config="true" signature="LogoutFromKiteApp()[pri:0, instance:suiteLevelListeners.ValidateKiteUserIdUsingPropertyFIle@18df8434]" started-at="2022-07-07T16:43:57 IST" name="LogoutFromKiteApp" finished-at="2022-07-07T16:44:01 IST" duration-ms="4185" status="PASS">
          <reporter-output>
          </reporter-output>
        </test-method> <!-- LogoutFromKiteApp -->
        <test-method is-config="true" signature="closeBrowser()[pri:0, instance:suiteLevelListeners.ValidateKiteUserIdUsingPropertyFIle@18df8434]" started-at="2022-07-07T16:44:01 IST" name="closeBrowser" finished-at="2022-07-07T16:44:06 IST" duration-ms="4958" status="PASS">
          <reporter-output>
          </reporter-output>
        </test-method> <!-- closeBrowser -->
      </class> <!-- suiteLevelListeners.ValidateKiteUserIdUsingPropertyFIle -->
    </test> <!-- Test -->
  </suite> <!-- Suite -->
</testng-results>
